2026-04-24 01:05:01  INFO      ============================================================
2026-04-24 01:05:01  INFO      Auto-sync started
2026-04-24 01:05:07  INFO      Inventory: 17 items  |  To fetch: 17
2026-04-24 01:05:08  INFO      [ 0.0%]  ✅ AK-47 | Midnight Laminate (Field-Tested): float → $4.66
2026-04-24 01:05:10  INFO      [ 2.9%]  ✅ AUG | Creep (Minimal Wear): float → $0.89
2026-04-24 01:05:11  INFO      [ 5.9%]  ✅ CZ75-Auto | Eco (Minimal Wear): float → $5.19
2026-04-24 01:05:14  INFO      [ 8.8%]  ✅ Dreams & Nightmares Case: basic → $1.53
2026-04-24 01:05:16  INFO      [11.8%]  ✅ Five-SeveN | Sky Blue (Minimal Wear): float → $0.14
2026-04-24 01:05:17  INFO      [14.7%]  ✅ Five-SeveN | Sky Blue (Minimal Wear): float → $0.18
2026-04-24 01:05:19  INFO      [17.6%]  ✅ Kilowatt Case: basic → $0.28
2026-04-24 01:05:21  INFO      [20.6%]  ✅ M4A1-S | Player Two (Field-Tested): float → $68.00
2026-04-24 01:05:22  INFO      [23.5%]  ✅ MP7 | Smoking Kills (Minimal Wear): float → $14.44
2026-04-24 01:05:24  INFO      [26.5%]  ✅ MP9 | Starlight Protector (Minimal Wear): float → $77.00
2026-04-24 01:05:25  INFO      [29.4%]  ✅ Music Kit | bbno$, u mad!: basic → $3.37
2026-04-24 01:05:26  INFO      [32.4%]  ✅ P250 | Visions (Field-Tested): float → $3.54
2026-04-24 01:05:29  INFO      [35.3%]  ✅ Prisma 2 Case: basic → $1.61
2026-04-24 01:05:30  INFO      [38.2%]  ✅ Seal Team 6 Soldier | NSWC SEAL: basic → $12.45
2026-04-24 01:05:31  INFO      [41.2%]  ✅ The Elite Mr. Muhlik | Elite Crew: basic → $13.19
2026-04-24 01:05:32  INFO      [44.1%]  ✅ ★ Skeleton Knife | Fade (Factory New): seed → $918.00
2026-04-24 01:05:34  INFO      [47.1%]  ✅ ★ Stiletto Knife: float → $210.28
2026-04-24 01:05:34  INFO      [50.0%]  🌐 Steam (1/16): AK-47 | Midnight Laminate (Field-Tested)
2026-04-24 01:05:35  INFO      [50.0%]     → $7.30
2026-04-24 01:05:36  INFO      [53.1%]  🌐 Steam (2/16): AUG | Creep (Minimal Wear)
2026-04-24 01:05:37  INFO      [53.1%]     → $0.92
2026-04-24 01:05:39  INFO      [56.2%]  🌐 Steam (3/16): CZ75-Auto | Eco (Minimal Wear)
2026-04-24 01:05:39  INFO      [56.2%]     → $5.23
2026-04-24 01:05:41  INFO      [59.4%]  🌐 Steam (4/16): Dreams & Nightmares Case
2026-04-24 01:05:41  INFO      [59.4%]     → $2.30
2026-04-24 01:05:43  INFO      [62.5%]  🌐 Steam (5/16): Five-SeveN | Sky Blue (Minimal Wear)
2026-04-24 01:05:43  INFO      [62.5%]     → $0.16
2026-04-24 01:05:45  INFO      [65.6%]  🌐 Steam (6/16): Kilowatt Case
2026-04-24 01:05:45  INFO      [65.6%]     → $0.40
2026-04-24 01:05:47  INFO      [68.8%]  🌐 Steam (7/16): M4A1-S | Player Two (Field-Tested)
2026-04-24 01:05:47  INFO      [68.8%]     → $74.19
2026-04-24 01:05:49  INFO      [71.9%]  🌐 Steam (8/16): MP7 | Smoking Kills (Minimal Wear)
2026-04-24 01:05:49  INFO      [71.9%]     → $17.25
2026-04-24 01:05:51  INFO      [75.0%]  🌐 Steam (9/16): MP9 | Starlight Protector (Minimal Wear)
2026-04-24 01:05:52  INFO      [75.0%]     → $117.90
2026-04-24 01:05:53  INFO      [78.1%]  🌐 Steam (10/16): Music Kit | bbno$, u mad!
2026-04-24 01:05:54  INFO      [78.1%]     → $5.15
2026-04-24 01:05:55  INFO      [81.2%]  🌐 Steam (11/16): P250 | Visions (Field-Tested)
2026-04-24 01:05:56  INFO      [81.2%]     → $5.22
2026-04-24 01:05:57  INFO      [84.4%]  🌐 Steam (12/16): Prisma 2 Case
2026-04-24 01:05:58  INFO      [84.4%]     → $2.66
2026-04-24 01:06:00  INFO      [87.5%]  🌐 Steam (13/16): Seal Team 6 Soldier | NSWC SEAL
2026-04-24 01:06:00  INFO      [87.5%]     → $18.70
2026-04-24 01:06:02  INFO      [90.6%]  🌐 Steam (14/16): The Elite Mr. Muhlik | Elite Crew
2026-04-24 01:06:02  INFO      [90.6%]     → $19.94
2026-04-24 01:06:04  INFO      [93.8%]  🌐 Steam (15/16): ★ Skeleton Knife | Fade (Factory New)
2026-04-24 01:06:04  INFO      [93.8%]     → $876.36
2026-04-24 01:06:06  INFO      [96.9%]  🌐 Steam (16/16): ★ Stiletto Knife
2026-04-24 01:06:06  INFO      [96.9%]     → $299.28
2026-04-24 01:06:08  INFO      [95.0%]  💾 Saving snapshots…
2026-04-24 01:06:08  INFO      [100.0%]  ✅ Done! Fetched 17 items, skipped 0 (already priced today).
2026-04-24 01:06:08  INFO      Auto-sync completed successfully.
2026-04-24 01:09:43  INFO      ============================================================
2026-04-24 01:09:43  INFO      Auto-sync started
2026-04-24 01:09:44  INFO      All items already have today's prices — skipping.
2026-04-24 01:10:44  INFO      ============================================================
2026-04-24 01:10:44  INFO      Auto-sync started
2026-04-24 01:10:44  INFO      All items already have today's prices — skipping.
